2025-03-23 18:29:44,950 - DEBUG - Processed prediction: {'class_name': 'airplane', 'confidence': 0.7993326783180237, 'detection_id': 0, 'bbox': [0.7752232271082261, 0.19899753963246064, 0.9989159527946921, 0.39009203630335193]}
2025-03-23 18:29:44,952 - DEBUG - Processed prediction: {'class_name': 'airplane', 'confidence': 0.5598496794700623, 'detection_id': 1, 'bbox': [0.3967173520256491, 0.4951641980339499, 0.5539836883544922, 0.6824289770687327]}
2025-03-23 18:29:44,955 - INFO - Inference completed in 19.82 seconds
2025-03-23 18:29:44,958 - DEBUG - tag: ImageWidth (256) - type: short (3) - value: b'\x04@'
2025-03-23 18:29:44,961 - DEBUG - tag: ImageLength (257) - type: short (3) - value: b'\x04@'
2025-03-23 18:29:44,961 - DEBUG - tag: Make (271) - type: string (2) Tag Location: 46 - Data Location: 170 - value: b'samsung\x00'
2025-03-23 18:29:44,961 - DEBUG - tag: Model (272) - type: string (2) Tag Location: 58 - Data Location: 178 - value: b'SM-G975U\x00'
2025-03-23 18:29:44,961 - DEBUG - tag: Orientation (274) - type: short (3) - value: b'\x00\x06'
2025-03-23 18:29:44,961 - DEBUG - tag: XResolution (282) - type: rational (5) Tag Location: 82 - Data Location: 188 - value: b'\x00\x00\x00H\x00\x00\x00\x01'
2025-03-23 18:29:44,961 - DEBUG - tag: YResolution (283) - type: rational (5) Tag Location: 94 - Data Location: 196 - value: b'\x00\x00\x00H\x00\x00\x00\x01'
2025-03-23 18:29:44,961 - DEBUG - tag: ResolutionUnit (296) - type: short (3) - value: b'\x00\x02'
2025-03-23 18:29:44,961 - DEBUG - tag: Software (305) - type: string (2) Tag Location: 118 - Data Location: 204 - value: b'G975USQU9IXE3\x00'
2025-03-23 18:29:44,961 - DEBUG - tag: DateTime (306) - type: string (2) Tag Location: 130 - Data Location: 218 - value: b'2025:03:23 18:29:25\x00'
2025-03-23 18:29:44,961 - DEBUG - tag: YCbCrPositioning (531) - type: short (3) - value: b'\x00\x01'
2025-03-23 18:29:44,962 - DEBUG - tag: ExifIFD (34665) - type: long (4) - value: b'\x00\x00\x00\xee'
2025-03-23 18:29:44,962 - DEBUG - tag: GPSInfoIFD (34853) - type: long (4) - value: b'\x00\x00\x03"'
2025-03-23 18:29:45,069 - INFO - Organized image into 1 directories
2025-03-23 18:29:45,070 - INFO - Successfully processed and organized 20250323_182925_photo_2025-03-24T01-29-23-463Z.jpg
2025-03-23 18:29:45,078 - INFO - 192.168.1.229 - - [23/Mar/2025 18:29:45] "POST /detect-imperfection HTTP/1.1" 200 -
2025-03-23 18:31:14,655 - INFO - File saved at storage/uploads/20250323_183114_photo_2025-03-24T01-31-13-956Z.jpg
2025-03-23 18:31:14,663 - INFO - Running inference on image storage/uploads/20250323_183114_photo_2025-03-24T01-31-13-956Z.jpg
2025-03-23 18:31:14,666 - DEBUG - tag: ImageWidth (256) - type: short (3) - value: b'\x04@'
2025-03-23 18:31:14,666 - DEBUG - tag: ImageLength (257) - type: short (3) - value: b'\x04@'
2025-03-23 18:31:14,666 - DEBUG - tag: Make (271) - type: string (2) Tag Location: 46 - Data Location: 170 - value: b'samsung\x00'
2025-03-23 18:31:14,666 - DEBUG - tag: Model (272) - type: string (2) Tag Location: 58 - Data Location: 178 - value: b'SM-G975U\x00'
2025-03-23 18:31:14,666 - DEBUG - tag: Orientation (274) - type: short (3) - value: b'\x00\x06'
2025-03-23 18:31:14,667 - DEBUG - tag: XResolution (282) - type: rational (5) Tag Location: 82 - Data Location: 188 - value: b'\x00\x00\x00H\x00\x00\x00\x01'
2025-03-23 18:31:14,667 - DEBUG - tag: YResolution (283) - type: rational (5) Tag Location: 94 - Data Location: 196 - value: b'\x00\x00\x00H\x00\x00\x00\x01'
2025-03-23 18:31:14,667 - DEBUG - tag: ResolutionUnit (296) - type: short (3) - value: b'\x00\x02'
2025-03-23 18:31:14,667 - DEBUG - tag: Software (305) - type: string (2) Tag Location: 118 - Data Location: 204 - value: b'G975USQU9IXE3\x00'
2025-03-23 18:31:14,667 - DEBUG - tag: DateTime (306) - type: string (2) Tag Location: 130 - Data Location: 218 - value: b'2025:03:23 18:31:14\x00'
2025-03-23 18:31:14,667 - DEBUG - tag: YCbCrPositioning (531) - type: short (3) - value: b'\x00\x01'
2025-03-23 18:31:14,667 - DEBUG - tag: ExifIFD (34665) - type: long (4) - value: b'\x00\x00\x00\xee'
2025-03-23 18:31:14,667 - DEBUG - tag: GPSInfoIFD (34853) - type: long (4) - value: b'\x00\x00\x03"'
2025-03-23 18:31:14,671 - INFO - Image dimensions: 1088x1088
2025-03-23 18:31:15,157 - INFO - Inference completed in 0.49 seconds
2025-03-23 18:31:15,172 - INFO - Organized image into 1 directories
2025-03-23 18:31:15,172 - INFO - Successfully processed and organized 20250323_183114_photo_2025-03-24T01-31-13-956Z.jpg
2025-03-23 18:31:15,176 - INFO - 192.168.1.229 - - [23/Mar/2025 18:31:15] "POST /detect-imperfection HTTP/1.1" 200 -
2025-03-23 18:31:24,587 - INFO - File saved at storage/uploads/20250323_183124_photo_2025-03-24T01-31-23-926Z.jpg
2025-03-23 18:31:24,587 - INFO - Running inference on image storage/uploads/20250323_183124_photo_2025-03-24T01-31-23-926Z.jpg
2025-03-23 18:31:24,609 - DEBUG - tag: ImageWidth (256) - type: short (3) - value: b'\x04@'
2025-03-23 18:31:24,609 - DEBUG - tag: ImageLength (257) - type: short (3) - value: b'\x04@'
2025-03-23 18:31:24,609 - DEBUG - tag: Make (271) - type: string (2) Tag Location: 46 - Data Location: 170 - value: b'samsung\x00'
2025-03-23 18:31:24,609 - DEBUG - tag: Model (272) - type: string (2) Tag Location: 58 - Data Location: 178 - value: b'SM-G975U\x00'
2025-03-23 18:31:24,609 - DEBUG - tag: Orientation (274) - type: short (3) - value: b'\x00\x06'
2025-03-23 18:31:24,609 - DEBUG - tag: XResolution (282) - type: rational (5) Tag Location: 82 - Data Location: 188 - value: b'\x00\x00\x00H\x00\x00\x00\x01'
2025-03-23 18:31:24,609 - DEBUG - tag: YResolution (283) - type: rational (5) Tag Location: 94 - Data Location: 196 - value: b'\x00\x00\x00H\x00\x00\x00\x01'
2025-03-23 18:31:24,609 - DEBUG - tag: ResolutionUnit (296) - type: short (3) - value: b'\x00\x02'
2025-03-23 18:31:24,609 - DEBUG - tag: Software (305) - type: string (2) Tag Location: 118 - Data Location: 204 - value: b'G975USQU9IXE3\x00'
2025-03-23 18:31:24,609 - DEBUG - tag: DateTime (306) - type: string (2) Tag Location: 130 - Data Location: 218 - value: b'2025:03:23 18:31:24\x00'
2025-03-23 18:31:24,609 - DEBUG - tag: YCbCrPositioning (531) - type: short (3) - value: b'\x00\x01'
2025-03-23 18:31:24,609 - DEBUG - tag: ExifIFD (34665) - type: long (4) - value: b'\x00\x00\x00\xee'
2025-03-23 18:31:24,609 - DEBUG - tag: GPSInfoIFD (34853) - type: long (4) - value: b'\x00\x00\x03"'
2025-03-23 18:31:24,609 - INFO - Image dimensions: 1088x1088
2025-03-23 18:31:24,912 - DEBUG - Processed prediction: {'class_name': 'airplane', 'confidence': 0.6954010725021362, 'detection_id': 0, 'bbox': [0.473079849691952, 0.5556269253001493, 0.6146270527559168, 0.7779047909904929]}
2025-03-23 18:31:24,912 - DEBUG - Processed prediction: {'class_name': 'airplane', 'confidence': 0.6851663589477539, 'detection_id': 1, 'bbox': [0.0, 0.7164888381958008, 0.13244299327625947, 0.9772195255055147]}
2025-03-23 18:31:24,912 - INFO - Inference completed in 0.33 seconds
2025-03-23 18:31:24,912 - DEBUG - tag: ImageWidth (256) - type: short (3) - value: b'\x04@'
2025-03-23 18:31:24,912 - DEBUG - tag: ImageLength (257) - type: short (3) - value: b'\x04@'
2025-03-23 18:31:24,912 - DEBUG - tag: Make (271) - type: string (2) Tag Location: 46 - Data Location: 170 - value: b'samsung\x00'
2025-03-23 18:31:24,912 - DEBUG - tag: Model (272) - type: string (2) Tag Location: 58 - Data Location: 178 - value: b'SM-G975U\x00'
2025-03-23 18:31:24,913 - DEBUG - tag: Orientation (274) - type: short (3) - value: b'\x00\x06'
2025-03-23 18:31:24,913 - DEBUG - tag: XResolution (282) - type: rational (5) Tag Location: 82 - Data Location: 188 - value: b'\x00\x00\x00H\x00\x00\x00\x01'
2025-03-23 18:31:24,913 - DEBUG - tag: YResolution (283) - type: rational (5) Tag Location: 94 - Data Location: 196 - value: b'\x00\x00\x00H\x00\x00\x00\x01'
2025-03-23 18:31:24,913 - DEBUG - tag: ResolutionUnit (296) - type: short (3) - value: b'\x00\x02'
2025-03-23 18:31:24,913 - DEBUG - tag: Software (305) - type: string (2) Tag Location: 118 - Data Location: 204 - value: b'G975USQU9IXE3\x00'
2025-03-23 18:31:24,913 - DEBUG - tag: DateTime (306) - type: string (2) Tag Location: 130 - Data Location: 218 - value: b'2025:03:23 18:31:24\x00'
2025-03-23 18:31:24,913 - DEBUG - tag: YCbCrPositioning (531) - type: short (3) - value: b'\x00\x01'
2025-03-23 18:31:24,913 - DEBUG - tag: ExifIFD (34665) - type: long (4) - value: b'\x00\x00\x00\xee'
2025-03-23 18:31:24,913 - DEBUG - tag: GPSInfoIFD (34853) - type: long (4) - value: b'\x00\x00\x03"'
2025-03-23 18:31:24,939 - INFO - Organized image into 1 directories
2025-03-23 18:31:24,939 - INFO - Successfully processed and organized 20250323_183124_photo_2025-03-24T01-31-23-926Z.jpg
2025-03-23 18:31:24,940 - INFO - 192.168.1.229 - - [23/Mar/2025 18:31:24] "POST /detect-imperfection HTTP/1.1" 200 -
2025-03-23 18:32:00,458 - INFO - File saved at storage/uploads/20250323_183200_photo_2025-03-24T01-31-59-780Z.jpg
2025-03-23 18:32:00,459 - INFO - Running inference on image storage/uploads/20250323_183200_photo_2025-03-24T01-31-59-780Z.jpg
2025-03-23 18:32:00,461 - DEBUG - tag: ImageWidth (256) - type: short (3) - value: b'\x04@'
2025-03-23 18:32:00,461 - DEBUG - tag: ImageLength (257) - type: short (3) - value: b'\x04@'
2025-03-23 18:32:00,461 - DEBUG - tag: Make (271) - type: string (2) Tag Location: 46 - Data Location: 170 - value: b'samsung\x00'
2025-03-23 18:32:00,461 - DEBUG - tag: Model (272) - type: string (2) Tag Location: 58 - Data Location: 178 - value: b'SM-G975U\x00'
2025-03-23 18:32:00,461 - DEBUG - tag: Orientation (274) - type: short (3) - value: b'\x00\x06'
2025-03-23 18:32:00,461 - DEBUG - tag: XResolution (282) - type: rational (5) Tag Location: 82 - Data Location: 188 - value: b'\x00\x00\x00H\x00\x00\x00\x01'
2025-03-23 18:32:00,461 - DEBUG - tag: YResolution (283) - type: rational (5) Tag Location: 94 - Data Location: 196 - value: b'\x00\x00\x00H\x00\x00\x00\x01'
2025-03-23 18:32:00,461 - DEBUG - tag: ResolutionUnit (296) - type: short (3) - value: b'\x00\x02'
2025-03-23 18:32:00,461 - DEBUG - tag: Software (305) - type: string (2) Tag Location: 118 - Data Location: 204 - value: b'G975USQU9IXE3\x00'
2025-03-23 18:32:00,461 - DEBUG - tag: DateTime (306) - type: string (2) Tag Location: 130 - Data Location: 218 - value: b'2025:03:23 18:32:00\x00'
2025-03-23 18:32:00,461 - DEBUG - tag: YCbCrPositioning (531) - type: short (3) - value: b'\x00\x01'
2025-03-23 18:32:00,461 - DEBUG - tag: ExifIFD (34665) - type: long (4) - value: b'\x00\x00\x00\xee'
2025-03-23 18:32:00,461 - DEBUG - tag: GPSInfoIFD (34853) - type: long (4) - value: b'\x00\x00\x03"'
2025-03-23 18:32:00,462 - INFO - Image dimensions: 1088x1088
2025-03-23 18:32:00,828 - DEBUG - Processed prediction: {'class_name': 'airplane', 'confidence': 0.648703932762146, 'detection_id': 0, 'bbox': [0.3073916435241699, 0.44219325570499196, 0.4644450860864976, 0.6617984771728516]}
2025-03-23 18:32:00,828 - INFO - Inference completed in 0.37 seconds
2025-03-23 18:32:00,828 - DEBUG - tag: ImageWidth (256) - type: short (3) - value: b'\x04@'
2025-03-23 18:32:00,828 - DEBUG - tag: ImageLength (257) - type: short (3) - value: b'\x04@'
2025-03-23 18:32:00,828 - DEBUG - tag: Make (271) - type: string (2) Tag Location: 46 - Data Location: 170 - value: b'samsung\x00'
2025-03-23 18:32:00,828 - DEBUG - tag: Model (272) - type: string (2) Tag Location: 58 - Data Location: 178 - value: b'SM-G975U\x00'
2025-03-23 18:32:00,828 - DEBUG - tag: Orientation (274) - type: short (3) - value: b'\x00\x06'
2025-03-23 18:32:00,828 - DEBUG - tag: XResolution (282) - type: rational (5) Tag Location: 82 - Data Location: 188 - value: b'\x00\x00\x00H\x00\x00\x00\x01'
2025-03-23 18:32:00,828 - DEBUG - tag: YResolution (283) - type: rational (5) Tag Location: 94 - Data Location: 196 - value: b'\x00\x00\x00H\x00\x00\x00\x01'
2025-03-23 18:32:00,828 - DEBUG - tag: ResolutionUnit (296) - type: short (3) - value: b'\x00\x02'
2025-03-23 18:32:00,828 - DEBUG - tag: Software (305) - type: string (2) Tag Location: 118 - Data Location: 204 - value: b'G975USQU9IXE3\x00'
2025-03-23 18:32:00,829 - DEBUG - tag: DateTime (306) - type: string (2) Tag Location: 130 - Data Location: 218 - value: b'2025:03:23 18:32:00\x00'
2025-03-23 18:32:00,829 - DEBUG - tag: YCbCrPositioning (531) - type: short (3) - value: b'\x00\x01'
2025-03-23 18:32:00,829 - DEBUG - tag: ExifIFD (34665) - type: long (4) - value: b'\x00\x00\x00\xee'
2025-03-23 18:32:00,829 - DEBUG - tag: GPSInfoIFD (34853) - type: long (4) - value: b'\x00\x00\x03"'
2025-03-23 18:32:00,855 - INFO - Organized image into 1 directories
2025-03-23 18:32:00,856 - INFO - Successfully processed and organized 20250323_183200_photo_2025-03-24T01-31-59-780Z.jpg
2025-03-23 18:32:00,856 - INFO - 192.168.1.229 - - [23/Mar/2025 18:32:00] "POST /detect-imperfection HTTP/1.1" 200 -
2025-03-23 18:33:31,536 - INFO - Starting cleanup scheduler...
2025-03-23 18:33:31,537 - INFO - Starting Flask application...
2025-03-23 18:33:31,605 - INFO - [31m[1mWARNING: This is a development server. Do not use it in a production deployment. Use a production WSGI server instead.[0m
 * Running on all addresses (0.0.0.0)
 * Running on http://127.0.0.1:5000
 * Running on http://192.168.1.229:5000
2025-03-23 18:33:31,610 - INFO - [33mPress CTRL+C to quit[0m
2025-03-23 18:33:58,263 - INFO - File saved at storage/uploads/20250323_183358_photo_2025-03-24T01-33-57-335Z.jpg
2025-03-23 18:33:58,266 - INFO - Running inference on image storage/uploads/20250323_183358_photo_2025-03-24T01-33-57-335Z.jpg
2025-03-23 18:33:58,354 - DEBUG - tag: ImageWidth (256) - type: short (3) - value: b'\x04@'
2025-03-23 18:33:58,354 - DEBUG - tag: ImageLength (257) - type: short (3) - value: b'\x04@'
2025-03-23 18:33:58,354 - DEBUG - tag: Make (271) - type: string (2) Tag Location: 46 - Data Location: 170 - value: b'samsung\x00'
2025-03-23 18:33:58,354 - DEBUG - tag: Model (272) - type: string (2) Tag Location: 58 - Data Location: 178 - value: b'SM-G975U\x00'
2025-03-23 18:33:58,354 - DEBUG - tag: Orientation (274) - type: short (3) - value: b'\x00\x06'
2025-03-23 18:33:58,354 - DEBUG - tag: XResolution (282) - type: rational (5) Tag Location: 82 - Data Location: 188 - value: b'\x00\x00\x00H\x00\x00\x00\x01'
2025-03-23 18:33:58,354 - DEBUG - tag: YResolution (283) - type: rational (5) Tag Location: 94 - Data Location: 196 - value: b'\x00\x00\x00H\x00\x00\x00\x01'
2025-03-23 18:33:58,354 - DEBUG - tag: ResolutionUnit (296) - type: short (3) - value: b'\x00\x02'
2025-03-23 18:33:58,354 - DEBUG - tag: Software (305) - type: string (2) Tag Location: 118 - Data Location: 204 - value: b'G975USQU9IXE3\x00'
2025-03-23 18:33:58,354 - DEBUG - tag: DateTime (306) - type: string (2) Tag Location: 130 - Data Location: 218 - value: b'2025:03:23 18:33:58\x00'
2025-03-23 18:33:58,354 - DEBUG - tag: YCbCrPositioning (531) - type: short (3) - value: b'\x00\x01'
2025-03-23 18:33:58,354 - DEBUG - tag: ExifIFD (34665) - type: long (4) - value: b'\x00\x00\x00\xee'
2025-03-23 18:33:58,354 - DEBUG - tag: GPSInfoIFD (34853) - type: long (4) - value: b'\x00\x00\x03"'
2025-03-23 18:33:58,355 - INFO - Image dimensions: 1088x1088
2025-03-23 18:34:01,369 - INFO - Result type: <class 'list'>, length: 1
2025-03-23 18:34:01,369 - INFO - Result has class names: {0: '0', 1: '1', 2: '2', 3: '3', 4: '4', 5: '5', 6: '6', 7: '7'}
2025-03-23 18:34:01,369 - INFO - Detection 0: class_id=4
2025-03-23 18:34:01,369 - INFO -   Model would assign class: 4
2025-03-23 18:34:01,370 - DEBUG - Processed prediction: {'class_name': 'damage', 'confidence': 0.61492919921875, 'detection_id': 0, 'bbox': [0.4404059297898236, 0.45030439601225014, 0.611048698425293, 0.6481969496783089]}
2025-03-23 18:34:01,370 - INFO - Detection 1: class_id=4
2025-03-23 18:34:01,370 - INFO -   Model would assign class: 4
2025-03-23 18:34:01,370 - DEBUG - Processed prediction: {'class_name': 'damage', 'confidence': 0.5850324034690857, 'detection_id': 1, 'bbox': [0.3176829113679774, 0.5024862850413603, 0.4413989852456486, 0.5699543672449449]}
2025-03-23 18:34:01,370 - INFO - Inference completed in 3.10 seconds
2025-03-23 18:34:01,370 - DEBUG - tag: ImageWidth (256) - type: short (3) - value: b'\x04@'
2025-03-23 18:34:01,372 - DEBUG - tag: ImageLength (257) - type: short (3) - value: b'\x04@'
2025-03-23 18:34:01,376 - DEBUG - tag: Make (271) - type: string (2) Tag Location: 46 - Data Location: 170 - value: b'samsung\x00'
2025-03-23 18:34:01,376 - DEBUG - tag: Model (272) - type: string (2) Tag Location: 58 - Data Location: 178 - value: b'SM-G975U\x00'
2025-03-23 18:34:01,376 - DEBUG - tag: Orientation (274) - type: short (3) - value: b'\x00\x06'
2025-03-23 18:34:01,376 - DEBUG - tag: XResolution (282) - type: rational (5) Tag Location: 82 - Data Location: 188 - value: b'\x00\x00\x00H\x00\x00\x00\x01'
2025-03-23 18:34:01,376 - DEBUG - tag: YResolution (283) - type: rational (5) Tag Location: 94 - Data Location: 196 - value: b'\x00\x00\x00H\x00\x00\x00\x01'
2025-03-23 18:34:01,376 - DEBUG - tag: ResolutionUnit (296) - type: short (3) - value: b'\x00\x02'
2025-03-23 18:34:01,376 - DEBUG - tag: Software (305) - type: string (2) Tag Location: 118 - Data Location: 204 - value: b'G975USQU9IXE3\x00'
2025-03-23 18:34:01,376 - DEBUG - tag: DateTime (306) - type: string (2) Tag Location: 130 - Data Location: 218 - value: b'2025:03:23 18:33:58\x00'
2025-03-23 18:34:01,376 - DEBUG - tag: YCbCrPositioning (531) - type: short (3) - value: b'\x00\x01'
2025-03-23 18:34:01,376 - DEBUG - tag: ExifIFD (34665) - type: long (4) - value: b'\x00\x00\x00\xee'
2025-03-23 18:34:01,376 - DEBUG - tag: GPSInfoIFD (34853) - type: long (4) - value: b'\x00\x00\x03"'
2025-03-23 18:34:01,407 - INFO - Organized image into 2 directories
2025-03-23 18:34:01,407 - INFO - Successfully processed and organized 20250323_183358_photo_2025-03-24T01-33-57-335Z.jpg
2025-03-23 18:34:01,408 - INFO - 192.168.1.229 - - [23/Mar/2025 18:34:01] "POST /detect-imperfection HTTP/1.1" 200 -
2025-03-23 18:34:10,351 - INFO - File saved at storage/uploads/20250323_183410_photo_2025-03-24T01-34-09-623Z.jpg
2025-03-23 18:34:10,358 - INFO - Running inference on image storage/uploads/20250323_183410_photo_2025-03-24T01-34-09-623Z.jpg
2025-03-23 18:34:10,376 - DEBUG - tag: ImageWidth (256) - type: short (3) - value: b'\x04@'
2025-03-23 18:34:10,376 - DEBUG - tag: ImageLength (257) - type: short (3) - value: b'\x04@'
2025-03-23 18:34:10,376 - DEBUG - tag: Make (271) - type: string (2) Tag Location: 46 - Data Location: 170 - value: b'samsung\x00'
2025-03-23 18:34:10,377 - DEBUG - tag: Model (272) - type: string (2) Tag Location: 58 - Data Location: 178 - value: b'SM-G975U\x00'
2025-03-23 18:34:10,378 - DEBUG - tag: Orientation (274) - type: short (3) - value: b'\x00\x06'
2025-03-23 18:34:10,378 - DEBUG - tag: XResolution (282) - type: rational (5) Tag Location: 82 - Data Location: 188 - value: b'\x00\x00\x00H\x00\x00\x00\x01'
2025-03-23 18:34:10,378 - DEBUG - tag: YResolution (283) - type: rational (5) Tag Location: 94 - Data Location: 196 - value: b'\x00\x00\x00H\x00\x00\x00\x01'
2025-03-23 18:34:10,378 - DEBUG - tag: ResolutionUnit (296) - type: short (3) - value: b'\x00\x02'
2025-03-23 18:34:10,378 - DEBUG - tag: Software (305) - type: string (2) Tag Location: 118 - Data Location: 204 - value: b'G975USQU9IXE3\x00'
2025-03-23 18:34:10,378 - DEBUG - tag: DateTime (306) - type: string (2) Tag Location: 130 - Data Location: 218 - value: b'2025:03:23 18:34:10\x00'
2025-03-23 18:34:10,378 - DEBUG - tag: YCbCrPositioning (531) - type: short (3) - value: b'\x00\x01'
2025-03-23 18:34:10,388 - DEBUG - tag: ExifIFD (34665) - type: long (4) - value: b'\x00\x00\x00\xee'
2025-03-23 18:34:10,388 - DEBUG - tag: GPSInfoIFD (34853) - type: long (4) - value: b'\x00\x00\x03"'
2025-03-23 18:34:10,389 - INFO - Image dimensions: 1088x1088
2025-03-23 18:34:11,047 - INFO - Result type: <class 'list'>, length: 1
2025-03-23 18:34:11,047 - INFO - Result has class names: {0: '0', 1: '1', 2: '2', 3: '3', 4: '4', 5: '5', 6: '6', 7: '7'}
2025-03-23 18:34:11,048 - INFO - Detection 0: class_id=4
2025-03-23 18:34:11,048 - INFO -   Model would assign class: 4
2025-03-23 18:34:11,048 - DEBUG - Processed prediction: {'class_name': 'damage', 'confidence': 0.7278316020965576, 'detection_id': 0, 'bbox': [0.09278103884528666, 0.40883759891285615, 0.28315917183371153, 0.6413329068352195]}
2025-03-23 18:34:11,049 - INFO - Inference completed in 0.69 seconds
2025-03-23 18:34:11,050 - DEBUG - tag: ImageWidth (256) - type: short (3) - value: b'\x04@'
2025-03-23 18:34:11,050 - DEBUG - tag: ImageLength (257) - type: short (3) - value: b'\x04@'
2025-03-23 18:34:11,050 - DEBUG - tag: Make (271) - type: string (2) Tag Location: 46 - Data Location: 170 - value: b'samsung\x00'
2025-03-23 18:34:11,050 - DEBUG - tag: Model (272) - type: string (2) Tag Location: 58 - Data Location: 178 - value: b'SM-G975U\x00'
2025-03-23 18:34:11,050 - DEBUG - tag: Orientation (274) - type: short (3) - value: b'\x00\x06'
2025-03-23 18:34:11,050 - DEBUG - tag: XResolution (282) - type: rational (5) Tag Location: 82 - Data Location: 188 - value: b'\x00\x00\x00H\x00\x00\x00\x01'
2025-03-23 18:34:11,050 - DEBUG - tag: YResolution (283) - type: rational (5) Tag Location: 94 - Data Location: 196 - value: b'\x00\x00\x00H\x00\x00\x00\x01'
2025-03-23 18:34:11,050 - DEBUG - tag: ResolutionUnit (296) - type: short (3) - value: b'\x00\x02'
2025-03-23 18:34:11,050 - DEBUG - tag: Software (305) - type: string (2) Tag Location: 118 - Data Location: 204 - value: b'G975USQU9IXE3\x00'
2025-03-23 18:34:11,050 - DEBUG - tag: DateTime (306) - type: string (2) Tag Location: 130 - Data Location: 218 - value: b'2025:03:23 18:34:10\x00'
2025-03-23 18:34:11,050 - DEBUG - tag: YCbCrPositioning (531) - type: short (3) - value: b'\x00\x01'
2025-03-23 18:34:11,050 - DEBUG - tag: ExifIFD (34665) - type: long (4) - value: b'\x00\x00\x00\xee'
2025-03-23 18:34:11,050 - DEBUG - tag: GPSInfoIFD (34853) - type: long (4) - value: b'\x00\x00\x03"'
2025-03-23 18:34:11,080 - INFO - Organized image into 2 directories
2025-03-23 18:34:11,080 - INFO - Successfully processed and organized 20250323_183410_photo_2025-03-24T01-34-09-623Z.jpg
2025-03-23 18:34:11,082 - INFO - 192.168.1.229 - - [23/Mar/2025 18:34:11] "POST /detect-imperfection HTTP/1.1" 200 -
2025-03-23 18:34:14,997 - INFO - File saved at storage/uploads/20250323_183414_photo_2025-03-24T01-34-14-463Z.jpg
2025-03-23 18:34:14,997 - INFO - Running inference on image storage/uploads/20250323_183414_photo_2025-03-24T01-34-14-463Z.jpg
2025-03-23 18:34:14,998 - DEBUG - tag: ImageWidth (256) - type: short (3) - value: b'\x04@'
2025-03-23 18:34:14,998 - DEBUG - tag: ImageLength (257) - type: short (3) - value: b'\x04@'
2025-03-23 18:34:14,998 - DEBUG - tag: Make (271) - type: string (2) Tag Location: 46 - Data Location: 170 - value: b'samsung\x00'
2025-03-23 18:34:14,998 - DEBUG - tag: Model (272) - type: string (2) Tag Location: 58 - Data Location: 178 - value: b'SM-G975U\x00'
2025-03-23 18:34:14,998 - DEBUG - tag: Orientation (274) - type: short (3) - value: b'\x00\x06'
2025-03-23 18:34:14,998 - DEBUG - tag: XResolution (282) - type: rational (5) Tag Location: 82 - Data Location: 188 - value: b'\x00\x00\x00H\x00\x00\x00\x01'
2025-03-23 18:34:14,998 - DEBUG - tag: YResolution (283) - type: rational (5) Tag Location: 94 - Data Location: 196 - value: b'\x00\x00\x00H\x00\x00\x00\x01'
2025-03-23 18:34:14,998 - DEBUG - tag: ResolutionUnit (296) - type: short (3) - value: b'\x00\x02'
2025-03-23 18:34:14,998 - DEBUG - tag: Software (305) - type: string (2) Tag Location: 118 - Data Location: 204 - value: b'G975USQU9IXE3\x00'
2025-03-23 18:34:14,998 - DEBUG - tag: DateTime (306) - type: string (2) Tag Location: 130 - Data Location: 218 - value: b'2025:03:23 18:34:15\x00'
2025-03-23 18:34:14,998 - DEBUG - tag: YCbCrPositioning (531) - type: short (3) - value: b'\x00\x01'
2025-03-23 18:34:14,998 - DEBUG - tag: ExifIFD (34665) - type: long (4) - value: b'\x00\x00\x00\xee'
2025-03-23 18:34:14,998 - DEBUG - tag: GPSInfoIFD (34853) - type: long (4) - value: b'\x00\x00\x03"'
2025-03-23 18:34:14,998 - INFO - Image dimensions: 1088x1088
2025-03-23 18:34:15,445 - INFO - Result type: <class 'list'>, length: 1
2025-03-23 18:34:15,446 - INFO - Result has class names: {0: '0', 1: '1', 2: '2', 3: '3', 4: '4', 5: '5', 6: '6', 7: '7'}
2025-03-23 18:34:15,446 - INFO - Detection 0: class_id=4
2025-03-23 18:34:15,446 - INFO -   Model would assign class: 4
2025-03-23 18:34:15,446 - DEBUG - Processed prediction: {'class_name': 'damage', 'confidence': 0.8193714618682861, 'detection_id': 0, 'bbox': [0.28859979966107535, 0.40267150542315316, 0.49178190792308135, 0.6578070135677562]}
2025-03-23 18:34:15,446 - INFO - Detection 1: class_id=4
2025-03-23 18:34:15,446 - INFO -   Model would assign class: 4
2025-03-23 18:34:15,446 - DEBUG - Processed prediction: {'class_name': 'damage', 'confidence': 0.6300231218338013, 'detection_id': 1, 'bbox': [0.16455730269936955, 0.4426260835984174, 0.3194759593290441, 0.547781832077924]}
2025-03-23 18:34:15,446 - INFO - Inference completed in 0.45 seconds
2025-03-23 18:34:15,446 - DEBUG - tag: ImageWidth (256) - type: short (3) - value: b'\x04@'
2025-03-23 18:34:15,446 - DEBUG - tag: ImageLength (257) - type: short (3) - value: b'\x04@'
2025-03-23 18:34:15,446 - DEBUG - tag: Make (271) - type: string (2) Tag Location: 46 - Data Location: 170 - value: b'samsung\x00'
2025-03-23 18:34:15,446 - DEBUG - tag: Model (272) - type: string (2) Tag Location: 58 - Data Location: 178 - value: b'SM-G975U\x00'
2025-03-23 18:34:15,446 - DEBUG - tag: Orientation (274) - type: short (3) - value: b'\x00\x06'
2025-03-23 18:34:15,446 - DEBUG - tag: XResolution (282) - type: rational (5) Tag Location: 82 - Data Location: 188 - value: b'\x00\x00\x00H\x00\x00\x00\x01'
2025-03-23 18:34:15,446 - DEBUG - tag: YResolution (283) - type: rational (5) Tag Location: 94 - Data Location: 196 - value: b'\x00\x00\x00H\x00\x00\x00\x01'
2025-03-23 18:34:15,446 - DEBUG - tag: ResolutionUnit (296) - type: short (3) - value: b'\x00\x02'
2025-03-23 18:34:15,446 - DEBUG - tag: Software (305) - type: string (2) Tag Location: 118 - Data Location: 204 - value: b'G975USQU9IXE3\x00'
2025-03-23 18:34:15,446 - DEBUG - tag: DateTime (306) - type: string (2) Tag Location: 130 - Data Location: 218 - value: b'2025:03:23 18:34:15\x00'
2025-03-23 18:34:15,446 - DEBUG - tag: YCbCrPositioning (531) - type: short (3) - value: b'\x00\x01'
2025-03-23 18:34:15,446 - DEBUG - tag: ExifIFD (34665) - type: long (4) - value: b'\x00\x00\x00\xee'
2025-03-23 18:34:15,446 - DEBUG - tag: GPSInfoIFD (34853) - type: long (4) - value: b'\x00\x00\x03"'
2025-03-23 18:34:15,462 - INFO - Organized image into 2 directories
2025-03-23 18:34:15,462 - INFO - Successfully processed and organized 20250323_183414_photo_2025-03-24T01-34-14-463Z.jpg
2025-03-23 18:34:15,462 - INFO - 192.168.1.229 - - [23/Mar/2025 18:34:15] "POST /detect-imperfection HTTP/1.1" 200 -
2025-03-23 18:34:21,974 - INFO - File saved at storage/uploads/20250323_183421_photo_2025-03-24T01-34-21-261Z.jpg
2025-03-23 18:34:21,975 - INFO - Running inference on image storage/uploads/20250323_183421_photo_2025-03-24T01-34-21-261Z.jpg
2025-03-23 18:34:21,986 - DEBUG - tag: ImageWidth (256) - type: short (3) - value: b'\x04@'
2025-03-23 18:34:21,986 - DEBUG - tag: ImageLength (257) - type: short (3) - value: b'\x04@'
2025-03-23 18:34:21,986 - DEBUG - tag: Make (271) - type: string (2) Tag Location: 46 - Data Location: 170 - value: b'samsung\x00'
2025-03-23 18:34:21,986 - DEBUG - tag: Model (272) - type: string (2) Tag Location: 58 - Data Location: 178 - value: b'SM-G975U\x00'
2025-03-23 18:34:21,986 - DEBUG - tag: Orientation (274) - type: short (3) - value: b'\x00\x06'
2025-03-23 18:34:21,986 - DEBUG - tag: XResolution (282) - type: rational (5) Tag Location: 82 - Data Location: 188 - value: b'\x00\x00\x00H\x00\x00\x00\x01'
2025-03-23 18:34:21,986 - DEBUG - tag: YResolution (283) - type: rational (5) Tag Location: 94 - Data Location: 196 - value: b'\x00\x00\x00H\x00\x00\x00\x01'
2025-03-23 18:34:21,987 - DEBUG - tag: ResolutionUnit (296) - type: short (3) - value: b'\x00\x02'
2025-03-23 18:34:21,987 - DEBUG - tag: Software (305) - type: string (2) Tag Location: 118 - Data Location: 204 - value: b'G975USQU9IXE3\x00'
2025-03-23 18:34:21,987 - DEBUG - tag: DateTime (306) - type: string (2) Tag Location: 130 - Data Location: 218 - value: b'2025:03:23 18:34:22\x00'
2025-03-23 18:34:21,987 - DEBUG - tag: YCbCrPositioning (531) - type: short (3) - value: b'\x00\x01'
2025-03-23 18:34:21,987 - DEBUG - tag: ExifIFD (34665) - type: long (4) - value: b'\x00\x00\x00\xee'
2025-03-23 18:34:21,987 - DEBUG - tag: GPSInfoIFD (34853) - type: long (4) - value: b'\x00\x00\x03"'
2025-03-23 18:34:21,992 - INFO - Image dimensions: 1088x1088
2025-03-23 18:34:22,728 - INFO - Result type: <class 'list'>, length: 1
2025-03-23 18:34:22,729 - INFO - Result has class names: {0: '0', 1: '1', 2: '2', 3: '3', 4: '4', 5: '5', 6: '6', 7: '7'}
2025-03-23 18:34:22,729 - INFO - Detection 0: class_id=4
2025-03-23 18:34:22,729 - INFO -   Model would assign class: 4
2025-03-23 18:34:22,729 - DEBUG - Processed prediction: {'class_name': 'damage', 'confidence': 0.4894735813140869, 'detection_id': 0, 'bbox': [0.3816499990575454, 0.5852645425235524, 0.562121727887322, 0.7340268527760225]}
2025-03-23 18:34:22,730 - INFO - Inference completed in 0.75 seconds
2025-03-23 18:34:22,730 - DEBUG - tag: ImageWidth (256) - type: short (3) - value: b'\x04@'
2025-03-23 18:34:22,731 - DEBUG - tag: ImageLength (257) - type: short (3) - value: b'\x04@'
2025-03-23 18:34:22,731 - DEBUG - tag: Make (271) - type: string (2) Tag Location: 46 - Data Location: 170 - value: b'samsung\x00'
2025-03-23 18:34:22,731 - DEBUG - tag: Model (272) - type: string (2) Tag Location: 58 - Data Location: 178 - value: b'SM-G975U\x00'
2025-03-23 18:34:22,731 - DEBUG - tag: Orientation (274) - type: short (3) - value: b'\x00\x06'
2025-03-23 18:34:22,731 - DEBUG - tag: XResolution (282) - type: rational (5) Tag Location: 82 - Data Location: 188 - value: b'\x00\x00\x00H\x00\x00\x00\x01'
2025-03-23 18:34:22,731 - DEBUG - tag: YResolution (283) - type: rational (5) Tag Location: 94 - Data Location: 196 - value: b'\x00\x00\x00H\x00\x00\x00\x01'
2025-03-23 18:34:22,732 - DEBUG - tag: ResolutionUnit (296) - type: short (3) - value: b'\x00\x02'
2025-03-23 18:34:22,732 - DEBUG - tag: Software (305) - type: string (2) Tag Location: 118 - Data Location: 204 - value: b'G975USQU9IXE3\x00'
2025-03-23 18:34:22,732 - DEBUG - tag: DateTime (306) - type: string (2) Tag Location: 130 - Data Location: 218 - value: b'2025:03:23 18:34:22\x00'
2025-03-23 18:34:22,732 - DEBUG - tag: YCbCrPositioning (531) - type: short (3) - value: b'\x00\x01'
2025-03-23 18:34:22,732 - DEBUG - tag: ExifIFD (34665) - type: long (4) - value: b'\x00\x00\x00\xee'
2025-03-23 18:34:22,732 - DEBUG - tag: GPSInfoIFD (34853) - type: long (4) - value: b'\x00\x00\x03"'
2025-03-23 18:34:22,770 - INFO - Organized image into 2 directories
2025-03-23 18:34:22,770 - INFO - Successfully processed and organized 20250323_183421_photo_2025-03-24T01-34-21-261Z.jpg
2025-03-23 18:34:22,771 - INFO - 192.168.1.229 - - [23/Mar/2025 18:34:22] "POST /detect-imperfection HTTP/1.1" 200 -
2025-03-23 18:35:36,995 - INFO - File saved at storage/uploads/20250323_183536_photo_2025-03-24T01-35-35-942Z.jpg
2025-03-23 18:35:37,015 - INFO - Running inference on image storage/uploads/20250323_183536_photo_2025-03-24T01-35-35-942Z.jpg
2025-03-23 18:35:37,036 - DEBUG - tag: ImageWidth (256) - type: short (3) - value: b'\x04@'
2025-03-23 18:35:37,036 - DEBUG - tag: ImageLength (257) - type: short (3) - value: b'\x04@'
2025-03-23 18:35:37,036 - DEBUG - tag: Make (271) - type: string (2) Tag Location: 46 - Data Location: 170 - value: b'samsung\x00'
2025-03-23 18:35:37,036 - DEBUG - tag: Model (272) - type: string (2) Tag Location: 58 - Data Location: 178 - value: b'SM-G975U\x00'
2025-03-23 18:35:37,036 - DEBUG - tag: Orientation (274) - type: short (3) - value: b'\x00\x06'
2025-03-23 18:35:37,036 - DEBUG - tag: XResolution (282) - type: rational (5) Tag Location: 82 - Data Location: 188 - value: b'\x00\x00\x00H\x00\x00\x00\x01'
2025-03-23 18:35:37,036 - DEBUG - tag: YResolution (283) - type: rational (5) Tag Location: 94 - Data Location: 196 - value: b'\x00\x00\x00H\x00\x00\x00\x01'
2025-03-23 18:35:37,036 - DEBUG - tag: ResolutionUnit (296) - type: short (3) - value: b'\x00\x02'
2025-03-23 18:35:37,036 - DEBUG - tag: Software (305) - type: string (2) Tag Location: 118 - Data Location: 204 - value: b'G975USQU9IXE3\x00'
2025-03-23 18:35:37,036 - DEBUG - tag: DateTime (306) - type: string (2) Tag Location: 130 - Data Location: 218 - value: b'2025:03:23 18:35:37\x00'
2025-03-23 18:35:37,036 - DEBUG - tag: YCbCrPositioning (531) - type: short (3) - value: b'\x00\x01'
2025-03-23 18:35:37,036 - DEBUG - tag: ExifIFD (34665) - type: long (4) - value: b'\x00\x00\x00\xee'
2025-03-23 18:35:37,036 - DEBUG - tag: GPSInfoIFD (34853) - type: long (4) - value: b'\x00\x00\x03"'
2025-03-23 18:35:37,042 - INFO - Image dimensions: 1088x1088
2025-03-23 18:35:37,695 - INFO - Result type: <class 'list'>, length: 1
2025-03-23 18:35:37,695 - INFO - Result has class names: {0: '0', 1: '1', 2: '2', 3: '3', 4: '4', 5: '5', 6: '6', 7: '7'}
2025-03-23 18:35:37,695 - INFO - Detection 0: class_id=1
2025-03-23 18:35:37,695 - INFO -   Model would assign class: 1
2025-03-23 18:35:37,695 - DEBUG - Processed prediction: {'class_name': 'damage', 'confidence': 0.5562195181846619, 'detection_id': 0, 'bbox': [0.5226351794074563, 0.6721623364616843, 0.5431019278133616, 0.720332426183364]}
2025-03-23 18:35:37,695 - INFO - Inference completed in 0.68 seconds
2025-03-23 18:35:37,696 - DEBUG - tag: ImageWidth (256) - type: short (3) - value: b'\x04@'
2025-03-23 18:35:37,696 - DEBUG - tag: ImageLength (257) - type: short (3) - value: b'\x04@'
2025-03-23 18:35:37,696 - DEBUG - tag: Make (271) - type: string (2) Tag Location: 46 - Data Location: 170 - value: b'samsung\x00'
2025-03-23 18:35:37,696 - DEBUG - tag: Model (272) - type: string (2) Tag Location: 58 - Data Location: 178 - value: b'SM-G975U\x00'
2025-03-23 18:35:37,696 - DEBUG - tag: Orientation (274) - type: short (3) - value: b'\x00\x06'
2025-03-23 18:35:37,696 - DEBUG - tag: XResolution (282) - type: rational (5) Tag Location: 82 - Data Location: 188 - value: b'\x00\x00\x00H\x00\x00\x00\x01'
2025-03-23 18:35:37,696 - DEBUG - tag: YResolution (283) - type: rational (5) Tag Location: 94 - Data Location: 196 - value: b'\x00\x00\x00H\x00\x00\x00\x01'
2025-03-23 18:35:37,696 - DEBUG - tag: ResolutionUnit (296) - type: short (3) - value: b'\x00\x02'
2025-03-23 18:35:37,696 - DEBUG - tag: Software (305) - type: string (2) Tag Location: 118 - Data Location: 204 - value: b'G975USQU9IXE3\x00'
2025-03-23 18:35:37,696 - DEBUG - tag: DateTime (306) - type: string (2) Tag Location: 130 - Data Location: 218 - value: b'2025:03:23 18:35:37\x00'
2025-03-23 18:35:37,696 - DEBUG - tag: YCbCrPositioning (531) - type: short (3) - value: b'\x00\x01'
2025-03-23 18:35:37,696 - DEBUG - tag: ExifIFD (34665) - type: long (4) - value: b'\x00\x00\x00\xee'
2025-03-23 18:35:37,696 - DEBUG - tag: GPSInfoIFD (34853) - type: long (4) - value: b'\x00\x00\x03"'
2025-03-23 18:35:37,730 - INFO - Organized image into 2 directories
2025-03-23 18:35:37,730 - INFO - Successfully processed and organized 20250323_183536_photo_2025-03-24T01-35-35-942Z.jpg
2025-03-23 18:35:37,731 - INFO - 192.168.1.229 - - [23/Mar/2025 18:35:37] "POST /detect-imperfection HTTP/1.1" 200 -
2025-03-23 18:35:48,547 - INFO - File saved at storage/uploads/20250323_183548_photo_2025-03-24T01-35-47-813Z.jpg
2025-03-23 18:35:48,577 - INFO - Running inference on image storage/uploads/20250323_183548_photo_2025-03-24T01-35-47-813Z.jpg
2025-03-23 18:35:48,587 - DEBUG - tag: ImageWidth (256) - type: short (3) - value: b'\x04@'
2025-03-23 18:35:48,587 - DEBUG - tag: ImageLength (257) - type: short (3) - value: b'\x04@'
2025-03-23 18:35:48,587 - DEBUG - tag: Make (271) - type: string (2) Tag Location: 46 - Data Location: 170 - value: b'samsung\x00'
2025-03-23 18:35:48,587 - DEBUG - tag: Model (272) - type: string (2) Tag Location: 58 - Data Location: 178 - value: b'SM-G975U\x00'
2025-03-23 18:35:48,587 - DEBUG - tag: Orientation (274) - type: short (3) - value: b'\x00\x06'
2025-03-23 18:35:48,587 - DEBUG - tag: XResolution (282) - type: rational (5) Tag Location: 82 - Data Location: 188 - value: b'\x00\x00\x00H\x00\x00\x00\x01'
2025-03-23 18:35:48,587 - DEBUG - tag: YResolution (283) - type: rational (5) Tag Location: 94 - Data Location: 196 - value: b'\x00\x00\x00H\x00\x00\x00\x01'
2025-03-23 18:35:48,587 - DEBUG - tag: ResolutionUnit (296) - type: short (3) - value: b'\x00\x02'
2025-03-23 18:35:48,587 - DEBUG - tag: Software (305) - type: string (2) Tag Location: 118 - Data Location: 204 - value: b'G975USQU9IXE3\x00'
2025-03-23 18:35:48,587 - DEBUG - tag: DateTime (306) - type: string (2) Tag Location: 130 - Data Location: 218 - value: b'2025:03:23 18:35:48\x00'
2025-03-23 18:35:48,588 - DEBUG - tag: YCbCrPositioning (531) - type: short (3) - value: b'\x00\x01'
2025-03-23 18:35:48,588 - DEBUG - tag: ExifIFD (34665) - type: long (4) - value: b'\x00\x00\x00\xee'
2025-03-23 18:35:48,588 - DEBUG - tag: GPSInfoIFD (34853) - type: long (4) - value: b'\x00\x00\x03"'
2025-03-23 18:35:48,589 - INFO - Image dimensions: 1088x1088
2025-03-23 18:35:49,538 - INFO - Result type: <class 'list'>, length: 1
2025-03-23 18:35:49,538 - INFO - Result has class names: {0: '0', 1: '1', 2: '2', 3: '3', 4: '4', 5: '5', 6: '6', 7: '7'}
2025-03-23 18:35:49,538 - INFO - Detection 0: class_id=4
2025-03-23 18:35:49,538 - INFO -   Model would assign class: 4
2025-03-23 18:35:49,538 - DEBUG - Processed prediction: {'class_name': 'damage', 'confidence': 0.523527979850769, 'detection_id': 0, 'bbox': [0.44727906058816347, 0.9632580701042625, 0.5251671847175149, 0.9990808823529411]}
2025-03-23 18:35:49,538 - INFO - Inference completed in 0.96 seconds
2025-03-23 18:35:49,539 - DEBUG - tag: ImageWidth (256) - type: short (3) - value: b'\x04@'
2025-03-23 18:35:49,539 - DEBUG - tag: ImageLength (257) - type: short (3) - value: b'\x04@'
2025-03-23 18:35:49,539 - DEBUG - tag: Make (271) - type: string (2) Tag Location: 46 - Data Location: 170 - value: b'samsung\x00'
2025-03-23 18:35:49,539 - DEBUG - tag: Model (272) - type: string (2) Tag Location: 58 - Data Location: 178 - value: b'SM-G975U\x00'
2025-03-23 18:35:49,539 - DEBUG - tag: Orientation (274) - type: short (3) - value: b'\x00\x06'
2025-03-23 18:35:49,539 - DEBUG - tag: XResolution (282) - type: rational (5) Tag Location: 82 - Data Location: 188 - value: b'\x00\x00\x00H\x00\x00\x00\x01'
2025-03-23 18:35:49,539 - DEBUG - tag: YResolution (283) - type: rational (5) Tag Location: 94 - Data Location: 196 - value: b'\x00\x00\x00H\x00\x00\x00\x01'
2025-03-23 18:35:49,539 - DEBUG - tag: ResolutionUnit (296) - type: short (3) - value: b'\x00\x02'
2025-03-23 18:35:49,539 - DEBUG - tag: Software (305) - type: string (2) Tag Location: 118 - Data Location: 204 - value: b'G975USQU9IXE3\x00'
2025-03-23 18:35:49,539 - DEBUG - tag: DateTime (306) - type: string (2) Tag Location: 130 - Data Location: 218 - value: b'2025:03:23 18:35:48\x00'
2025-03-23 18:35:49,539 - DEBUG - tag: YCbCrPositioning (531) - type: short (3) - value: b'\x00\x01'
2025-03-23 18:35:49,539 - DEBUG - tag: ExifIFD (34665) - type: long (4) - value: b'\x00\x00\x00\xee'
2025-03-23 18:35:49,539 - DEBUG - tag: GPSInfoIFD (34853) - type: long (4) - value: b'\x00\x00\x03"'
2025-03-23 18:35:49,567 - INFO - Organized image into 2 directories
2025-03-23 18:35:49,567 - INFO - Successfully processed and organized 20250323_183548_photo_2025-03-24T01-35-47-813Z.jpg
2025-03-23 18:35:49,568 - INFO - 192.168.1.229 - - [23/Mar/2025 18:35:49] "POST /detect-imperfection HTTP/1.1" 200 -
2025-03-23 18:35:55,411 - INFO - File saved at storage/uploads/20250323_183555_photo_2025-03-24T01-35-54-754Z.jpg
2025-03-23 18:35:55,420 - INFO - Running inference on image storage/uploads/20250323_183555_photo_2025-03-24T01-35-54-754Z.jpg
2025-03-23 18:35:55,425 - DEBUG - tag: ImageWidth (256) - type: short (3) - value: b'\x04@'
2025-03-23 18:35:55,427 - DEBUG - tag: ImageLength (257) - type: short (3) - value: b'\x04@'
2025-03-23 18:35:55,427 - DEBUG - tag: Make (271) - type: string (2) Tag Location: 46 - Data Location: 170 - value: b'samsung\x00'
2025-03-23 18:35:55,427 - DEBUG - tag: Model (272) - type: string (2) Tag Location: 58 - Data Location: 178 - value: b'SM-G975U\x00'
2025-03-23 18:35:55,427 - DEBUG - tag: Orientation (274) - type: short (3) - value: b'\x00\x06'
2025-03-23 18:35:55,427 - DEBUG - tag: XResolution (282) - type: rational (5) Tag Location: 82 - Data Location: 188 - value: b'\x00\x00\x00H\x00\x00\x00\x01'
2025-03-23 18:35:55,427 - DEBUG - tag: YResolution (283) - type: rational (5) Tag Location: 94 - Data Location: 196 - value: b'\x00\x00\x00H\x00\x00\x00\x01'
2025-03-23 18:35:55,427 - DEBUG - tag: ResolutionUnit (296) - type: short (3) - value: b'\x00\x02'
2025-03-23 18:35:55,427 - DEBUG - tag: Software (305) - type: string (2) Tag Location: 118 - Data Location: 204 - value: b'G975USQU9IXE3\x00'
2025-03-23 18:35:55,427 - DEBUG - tag: DateTime (306) - type: string (2) Tag Location: 130 - Data Location: 218 - value: b'2025:03:23 18:35:55\x00'
2025-03-23 18:35:55,435 - DEBUG - tag: YCbCrPositioning (531) - type: short (3) - value: b'\x00\x01'
2025-03-23 18:35:55,436 - DEBUG - tag: ExifIFD (34665) - type: long (4) - value: b'\x00\x00\x00\xee'
2025-03-23 18:35:55,436 - DEBUG - tag: GPSInfoIFD (34853) - type: long (4) - value: b'\x00\x00\x03"'
2025-03-23 18:35:55,445 - INFO - Image dimensions: 1088x1088
2025-03-23 18:35:55,912 - INFO - Result type: <class 'list'>, length: 1
2025-03-23 18:35:55,912 - INFO - Result has class names: {0: '0', 1: '1', 2: '2', 3: '3', 4: '4', 5: '5', 6: '6', 7: '7'}
2025-03-23 18:35:55,912 - INFO - Detection 0: class_id=4
2025-03-23 18:35:55,912 - INFO -   Model would assign class: 4
2025-03-23 18:35:55,912 - DEBUG - Processed prediction: {'class_name': 'damage', 'confidence': 0.5749753713607788, 'detection_id': 0, 'bbox': [0.09708426980411305, 0.8217204598819509, 0.13766570652232452, 0.8620761422549977]}
2025-03-23 18:35:55,913 - INFO - Inference completed in 0.49 seconds
2025-03-23 18:35:55,913 - DEBUG - tag: ImageWidth (256) - type: short (3) - value: b'\x04@'
2025-03-23 18:35:55,913 - DEBUG - tag: ImageLength (257) - type: short (3) - value: b'\x04@'
2025-03-23 18:35:55,913 - DEBUG - tag: Make (271) - type: string (2) Tag Location: 46 - Data Location: 170 - value: b'samsung\x00'
2025-03-23 18:35:55,913 - DEBUG - tag: Model (272) - type: string (2) Tag Location: 58 - Data Location: 178 - value: b'SM-G975U\x00'
2025-03-23 18:35:55,913 - DEBUG - tag: Orientation (274) - type: short (3) - value: b'\x00\x06'
2025-03-23 18:35:55,913 - DEBUG - tag: XResolution (282) - type: rational (5) Tag Location: 82 - Data Location: 188 - value: b'\x00\x00\x00H\x00\x00\x00\x01'
2025-03-23 18:35:55,913 - DEBUG - tag: YResolution (283) - type: rational (5) Tag Location: 94 - Data Location: 196 - value: b'\x00\x00\x00H\x00\x00\x00\x01'
2025-03-23 18:35:55,913 - DEBUG - tag: ResolutionUnit (296) - type: short (3) - value: b'\x00\x02'
2025-03-23 18:35:55,913 - DEBUG - tag: Software (305) - type: string (2) Tag Location: 118 - Data Location: 204 - value: b'G975USQU9IXE3\x00'
2025-03-23 18:35:55,913 - DEBUG - tag: DateTime (306) - type: string (2) Tag Location: 130 - Data Location: 218 - value: b'2025:03:23 18:35:55\x00'
2025-03-23 18:35:55,913 - DEBUG - tag: YCbCrPositioning (531) - type: short (3) - value: b'\x00\x01'
2025-03-23 18:35:55,913 - DEBUG - tag: ExifIFD (34665) - type: long (4) - value: b'\x00\x00\x00\xee'
2025-03-23 18:35:55,913 - DEBUG - tag: GPSInfoIFD (34853) - type: long (4) - value: b'\x00\x00\x03"'
2025-03-23 18:35:55,944 - INFO - Organized image into 2 directories
2025-03-23 18:35:55,944 - INFO - Successfully processed and organized 20250323_183555_photo_2025-03-24T01-35-54-754Z.jpg
2025-03-23 18:35:55,945 - INFO - 192.168.1.229 - - [23/Mar/2025 18:35:55] "POST /detect-imperfection HTTP/1.1" 200 -
2025-03-23 18:36:00,191 - INFO - File saved at storage/uploads/20250323_183600_photo_2025-03-24T01-35-59-578Z.jpg
2025-03-23 18:36:00,192 - INFO - Running inference on image storage/uploads/20250323_183600_photo_2025-03-24T01-35-59-578Z.jpg
2025-03-23 18:36:00,193 - DEBUG - tag: ImageWidth (256) - type: short (3) - value: b'\x04@'
2025-03-23 18:36:00,193 - DEBUG - tag: ImageLength (257) - type: short (3) - value: b'\x04@'
2025-03-23 18:36:00,193 - DEBUG - tag: Make (271) - type: string (2) Tag Location: 46 - Data Location: 170 - value: b'samsung\x00'
2025-03-23 18:36:00,194 - DEBUG - tag: Model (272) - type: string (2) Tag Location: 58 - Data Location: 178 - value: b'SM-G975U\x00'
2025-03-23 18:36:00,194 - DEBUG - tag: Orientation (274) - type: short (3) - value: b'\x00\x06'
2025-03-23 18:36:00,194 - DEBUG - tag: XResolution (282) - type: rational (5) Tag Location: 82 - Data Location: 188 - value: b'\x00\x00\x00H\x00\x00\x00\x01'
2025-03-23 18:36:00,194 - DEBUG - tag: YResolution (283) - type: rational (5) Tag Location: 94 - Data Location: 196 - value: b'\x00\x00\x00H\x00\x00\x00\x01'
2025-03-23 18:36:00,194 - DEBUG - tag: ResolutionUnit (296) - type: short (3) - value: b'\x00\x02'
2025-03-23 18:36:00,194 - DEBUG - tag: Software (305) - type: string (2) Tag Location: 118 - Data Location: 204 - value: b'G975USQU9IXE3\x00'
2025-03-23 18:36:00,194 - DEBUG - tag: DateTime (306) - type: string (2) Tag Location: 130 - Data Location: 218 - value: b'2025:03:23 18:36:00\x00'
2025-03-23 18:36:00,194 - DEBUG - tag: YCbCrPositioning (531) - type: short (3) - value: b'\x00\x01'
2025-03-23 18:36:00,194 - DEBUG - tag: ExifIFD (34665) - type: long (4) - value: b'\x00\x00\x00\xee'
2025-03-23 18:36:00,194 - DEBUG - tag: GPSInfoIFD (34853) - type: long (4) - value: b'\x00\x00\x03"'
2025-03-23 18:36:00,194 - INFO - Image dimensions: 1088x1088
2025-03-23 18:36:00,591 - INFO - Result type: <class 'list'>, length: 1
2025-03-23 18:36:00,591 - INFO - Result has class names: {0: '0', 1: '1', 2: '2', 3: '3', 4: '4', 5: '5', 6: '6', 7: '7'}
2025-03-23 18:36:00,591 - INFO - Detection 0: class_id=4
2025-03-23 18:36:00,591 - INFO -   Model would assign class: 4
2025-03-23 18:36:00,591 - DEBUG - Processed prediction: {'class_name': 'damage', 'confidence': 0.4925794303417206, 'detection_id': 0, 'bbox': [0.3345491184907801, 0.7254636427935433, 0.37713154624490175, 0.7645507700303021]}
2025-03-23 18:36:00,591 - INFO - Detection 1: class_id=1
2025-03-23 18:36:00,591 - INFO -   Model would assign class: 1
2025-03-23 18:36:00,591 - DEBUG - Processed prediction: {'class_name': 'damage', 'confidence': 0.45616114139556885, 'detection_id': 1, 'bbox': [0.5665323594037224, 0.6674708198098576, 0.5876374525182387, 0.7224646175608915]}
2025-03-23 18:36:00,591 - INFO - Inference completed in 0.40 seconds
2025-03-23 18:36:00,592 - DEBUG - tag: ImageWidth (256) - type: short (3) - value: b'\x04@'
2025-03-23 18:36:00,592 - DEBUG - tag: ImageLength (257) - type: short (3) - value: b'\x04@'
2025-03-23 18:36:00,592 - DEBUG - tag: Make (271) - type: string (2) Tag Location: 46 - Data Location: 170 - value: b'samsung\x00'
2025-03-23 18:36:00,592 - DEBUG - tag: Model (272) - type: string (2) Tag Location: 58 - Data Location: 178 - value: b'SM-G975U\x00'
2025-03-23 18:36:00,592 - DEBUG - tag: Orientation (274) - type: short (3) - value: b'\x00\x06'
2025-03-23 18:36:00,592 - DEBUG - tag: XResolution (282) - type: rational (5) Tag Location: 82 - Data Location: 188 - value: b'\x00\x00\x00H\x00\x00\x00\x01'
2025-03-23 18:36:00,592 - DEBUG - tag: YResolution (283) - type: rational (5) Tag Location: 94 - Data Location: 196 - value: b'\x00\x00\x00H\x00\x00\x00\x01'
2025-03-23 18:36:00,592 - DEBUG - tag: ResolutionUnit (296) - type: short (3) - value: b'\x00\x02'
2025-03-23 18:36:00,592 - DEBUG - tag: Software (305) - type: string (2) Tag Location: 118 - Data Location: 204 - value: b'G975USQU9IXE3\x00'
2025-03-23 18:36:00,592 - DEBUG - tag: DateTime (306) - type: string (2) Tag Location: 130 - Data Location: 218 - value: b'2025:03:23 18:36:00\x00'
2025-03-23 18:36:00,592 - DEBUG - tag: YCbCrPositioning (531) - type: short (3) - value: b'\x00\x01'
2025-03-23 18:36:00,592 - DEBUG - tag: ExifIFD (34665) - type: long (4) - value: b'\x00\x00\x00\xee'
2025-03-23 18:36:00,592 - DEBUG - tag: GPSInfoIFD (34853) - type: long (4) - value: b'\x00\x00\x03"'
2025-03-23 18:36:00,609 - INFO - Organized image into 2 directories
2025-03-23 18:36:00,609 - INFO - Successfully processed and organized 20250323_183600_photo_2025-03-24T01-35-59-578Z.jpg
2025-03-23 18:36:00,610 - INFO - 192.168.1.229 - - [23/Mar/2025 18:36:00] "POST /detect-imperfection HTTP/1.1" 200 -
2025-03-23 18:36:13,599 - INFO - File saved at storage/uploads/20250323_183613_photo_2025-03-24T01-36-13-004Z.jpg
2025-03-23 18:36:13,599 - INFO - Running inference on image storage/uploads/20250323_183613_photo_2025-03-24T01-36-13-004Z.jpg
2025-03-23 18:36:13,600 - DEBUG - tag: ImageWidth (256) - type: short (3) - value: b'\x04@'
2025-03-23 18:36:13,600 - DEBUG - tag: ImageLength (257) - type: short (3) - value: b'\x04@'
2025-03-23 18:36:13,600 - DEBUG - tag: Make (271) - type: string (2) Tag Location: 46 - Data Location: 170 - value: b'samsung\x00'
2025-03-23 18:36:13,600 - DEBUG - tag: Model (272) - type: string (2) Tag Location: 58 - Data Location: 178 - value: b'SM-G975U\x00'
2025-03-23 18:36:13,600 - DEBUG - tag: Orientation (274) - type: short (3) - value: b'\x00\x06'
2025-03-23 18:36:13,600 - DEBUG - tag: XResolution (282) - type: rational (5) Tag Location: 82 - Data Location: 188 - value: b'\x00\x00\x00H\x00\x00\x00\x01'
2025-03-23 18:36:13,604 - DEBUG - tag: YResolution (283) - type: rational (5) Tag Location: 94 - Data Location: 196 - value: b'\x00\x00\x00H\x00\x00\x00\x01'
2025-03-23 18:36:13,604 - DEBUG - tag: ResolutionUnit (296) - type: short (3) - value: b'\x00\x02'
2025-03-23 18:36:13,604 - DEBUG - tag: Software (305) - type: string (2) Tag Location: 118 - Data Location: 204 - value: b'G975USQU9IXE3\x00'
2025-03-23 18:36:13,604 - DEBUG - tag: DateTime (306) - type: string (2) Tag Location: 130 - Data Location: 218 - value: b'2025:03:23 18:36:13\x00'
2025-03-23 18:36:13,604 - DEBUG - tag: YCbCrPositioning (531) - type: short (3) - value: b'\x00\x01'
2025-03-23 18:36:13,604 - DEBUG - tag: ExifIFD (34665) - type: long (4) - value: b'\x00\x00\x00\xee'
2025-03-23 18:36:13,604 - DEBUG - tag: GPSInfoIFD (34853) - type: long (4) - value: b'\x00\x00\x03"'
2025-03-23 18:36:13,605 - INFO - Image dimensions: 1088x1088
2025-03-23 18:36:14,047 - INFO - Result type: <class 'list'>, length: 1
2025-03-23 18:36:14,048 - INFO - Result has class names: {0: '0', 1: '1', 2: '2', 3: '3', 4: '4', 5: '5', 6: '6', 7: '7'}
2025-03-23 18:36:14,051 - INFO - Inference completed in 0.45 seconds
2025-03-23 18:36:14,053 - INFO - Organized image into 1 directories
2025-03-23 18:36:14,053 - INFO - Successfully processed and organized 20250323_183613_photo_2025-03-24T01-36-13-004Z.jpg
2025-03-23 18:36:14,055 - INFO - 192.168.1.229 - - [23/Mar/2025 18:36:14] "POST /detect-imperfection HTTP/1.1" 200 -
2025-03-23 18:36:17,865 - INFO - File saved at storage/uploads/20250323_183617_photo_2025-03-24T01-36-17-280Z.jpg
2025-03-23 18:36:17,865 - INFO - Running inference on image storage/uploads/20250323_183617_photo_2025-03-24T01-36-17-280Z.jpg
2025-03-23 18:36:17,865 - DEBUG - tag: ImageWidth (256) - type: short (3) - value: b'\x04@'
2025-03-23 18:36:17,865 - DEBUG - tag: ImageLength (257) - type: short (3) - value: b'\x04@'
2025-03-23 18:36:17,865 - DEBUG - tag: Make (271) - type: string (2) Tag Location: 46 - Data Location: 170 - value: b'samsung\x00'
2025-03-23 18:36:17,865 - DEBUG - tag: Model (272) - type: string (2) Tag Location: 58 - Data Location: 178 - value: b'SM-G975U\x00'
2025-03-23 18:36:17,865 - DEBUG - tag: Orientation (274) - type: short (3) - value: b'\x00\x06'
2025-03-23 18:36:17,865 - DEBUG - tag: XResolution (282) - type: rational (5) Tag Location: 82 - Data Location: 188 - value: b'\x00\x00\x00H\x00\x00\x00\x01'
2025-03-23 18:36:17,865 - DEBUG - tag: YResolution (283) - type: rational (5) Tag Location: 94 - Data Location: 196 - value: b'\x00\x00\x00H\x00\x00\x00\x01'
2025-03-23 18:36:17,865 - DEBUG - tag: ResolutionUnit (296) - type: short (3) - value: b'\x00\x02'
2025-03-23 18:36:17,865 - DEBUG - tag: Software (305) - type: string (2) Tag Location: 118 - Data Location: 204 - value: b'G975USQU9IXE3\x00'
2025-03-23 18:36:17,865 - DEBUG - tag: DateTime (306) - type: string (2) Tag Location: 130 - Data Location: 218 - value: b'2025:03:23 18:36:18\x00'
2025-03-23 18:36:17,865 - DEBUG - tag: YCbCrPositioning (531) - type: short (3) - value: b'\x00\x01'
2025-03-23 18:36:17,865 - DEBUG - tag: ExifIFD (34665) - type: long (4) - value: b'\x00\x00\x00\xee'
2025-03-23 18:36:17,865 - DEBUG - tag: GPSInfoIFD (34853) - type: long (4) - value: b'\x00\x00\x03"'
2025-03-23 18:36:17,865 - INFO - Image dimensions: 1088x1088
2025-03-23 18:36:18,252 - INFO - Result type: <class 'list'>, length: 1
2025-03-23 18:36:18,252 - INFO - Result has class names: {0: '0', 1: '1', 2: '2', 3: '3', 4: '4', 5: '5', 6: '6', 7: '7'}
2025-03-23 18:36:18,252 - INFO - Detection 0: class_id=1
2025-03-23 18:36:18,252 - INFO -   Model would assign class: 1
2025-03-23 18:36:18,252 - DEBUG - Processed prediction: {'class_name': 'damage', 'confidence': 0.41881072521209717, 'detection_id': 0, 'bbox': [0.41108187507180605, 0.7004238016465131, 0.427434528575224, 0.7452184452730066]}
2025-03-23 18:36:18,253 - INFO - Inference completed in 0.39 seconds
2025-03-23 18:36:18,253 - DEBUG - tag: ImageWidth (256) - type: short (3) - value: b'\x04@'
2025-03-23 18:36:18,253 - DEBUG - tag: ImageLength (257) - type: short (3) - value: b'\x04@'
2025-03-23 18:36:18,253 - DEBUG - tag: Make (271) - type: string (2) Tag Location: 46 - Data Location: 170 - value: b'samsung\x00'
2025-03-23 18:36:18,253 - DEBUG - tag: Model (272) - type: string (2) Tag Location: 58 - Data Location: 178 - value: b'SM-G975U\x00'
2025-03-23 18:36:18,253 - DEBUG - tag: Orientation (274) - type: short (3) - value: b'\x00\x06'
2025-03-23 18:36:18,253 - DEBUG - tag: XResolution (282) - type: rational (5) Tag Location: 82 - Data Location: 188 - value: b'\x00\x00\x00H\x00\x00\x00\x01'
2025-03-23 18:36:18,253 - DEBUG - tag: YResolution (283) - type: rational (5) Tag Location: 94 - Data Location: 196 - value: b'\x00\x00\x00H\x00\x00\x00\x01'
2025-03-23 18:36:18,253 - DEBUG - tag: ResolutionUnit (296) - type: short (3) - value: b'\x00\x02'
2025-03-23 18:36:18,253 - DEBUG - tag: Software (305) - type: string (2) Tag Location: 118 - Data Location: 204 - value: b'G975USQU9IXE3\x00'
2025-03-23 18:36:18,253 - DEBUG - tag: DateTime (306) - type: string (2) Tag Location: 130 - Data Location: 218 - value: b'2025:03:23 18:36:18\x00'
2025-03-23 18:36:18,253 - DEBUG - tag: YCbCrPositioning (531) - type: short (3) - value: b'\x00\x01'
2025-03-23 18:36:18,253 - DEBUG - tag: ExifIFD (34665) - type: long (4) - value: b'\x00\x00\x00\xee'
2025-03-23 18:36:18,253 - DEBUG - tag: GPSInfoIFD (34853) - type: long (4) - value: b'\x00\x00\x03"'
2025-03-23 18:36:18,284 - INFO - Organized image into 2 directories
2025-03-23 18:36:18,284 - INFO - Successfully processed and organized 20250323_183617_photo_2025-03-24T01-36-17-280Z.jpg
2025-03-23 18:36:18,285 - INFO - 192.168.1.229 - - [23/Mar/2025 18:36:18] "POST /detect-imperfection HTTP/1.1" 200 -
2025-03-23 18:36:27,440 - INFO - File saved at storage/uploads/20250323_183627_photo_2025-03-24T01-36-26-760Z.jpg
2025-03-23 18:36:27,451 - INFO - Running inference on image storage/uploads/20250323_183627_photo_2025-03-24T01-36-26-760Z.jpg
2025-03-23 18:36:27,453 - DEBUG - tag: ImageWidth (256) - type: short (3) - value: b'\x04@'
2025-03-23 18:36:27,461 - DEBUG - tag: ImageLength (257) - type: short (3) - value: b'\x04@'
2025-03-23 18:36:27,462 - DEBUG - tag: Make (271) - type: string (2) Tag Location: 46 - Data Location: 170 - value: b'samsung\x00'
2025-03-23 18:36:27,462 - DEBUG - tag: Model (272) - type: string (2) Tag Location: 58 - Data Location: 178 - value: b'SM-G975U\x00'
2025-03-23 18:36:27,462 - DEBUG - tag: Orientation (274) - type: short (3) - value: b'\x00\x06'
2025-03-23 18:36:27,462 - DEBUG - tag: XResolution (282) - type: rational (5) Tag Location: 82 - Data Location: 188 - value: b'\x00\x00\x00H\x00\x00\x00\x01'
2025-03-23 18:36:27,462 - DEBUG - tag: YResolution (283) - type: rational (5) Tag Location: 94 - Data Location: 196 - value: b'\x00\x00\x00H\x00\x00\x00\x01'
2025-03-23 18:36:27,463 - DEBUG - tag: ResolutionUnit (296) - type: short (3) - value: b'\x00\x02'
2025-03-23 18:36:27,475 - DEBUG - tag: Software (305) - type: string (2) Tag Location: 118 - Data Location: 204 - value: b'G975USQU9IXE3\x00'
2025-03-23 18:36:27,475 - DEBUG - tag: DateTime (306) - type: string (2) Tag Location: 130 - Data Location: 218 - value: b'2025:03:23 18:36:27\x00'
2025-03-23 18:36:27,475 - DEBUG - tag: YCbCrPositioning (531) - type: short (3) - value: b'\x00\x01'
2025-03-23 18:36:27,475 - DEBUG - tag: ExifIFD (34665) - type: long (4) - value: b'\x00\x00\x00\xee'
2025-03-23 18:36:27,475 - DEBUG - tag: GPSInfoIFD (34853) - type: long (4) - value: b'\x00\x00\x03"'
2025-03-23 18:36:27,475 - INFO - Image dimensions: 1088x1088
2025-03-23 18:36:27,986 - INFO - Result type: <class 'list'>, length: 1
2025-03-23 18:36:27,986 - INFO - Result has class names: {0: '0', 1: '1', 2: '2', 3: '3', 4: '4', 5: '5', 6: '6', 7: '7'}
2025-03-23 18:36:27,986 - INFO - Detection 0: class_id=4
2025-03-23 18:36:27,987 - INFO -   Model would assign class: 4
2025-03-23 18:36:27,987 - DEBUG - Processed prediction: {'class_name': 'damage', 'confidence': 0.6845526695251465, 'detection_id': 0, 'bbox': [0.38858458575080423, 0.40292852065142465, 0.6032501669491038, 0.6613702774047852]}
2025-03-23 18:36:27,987 - INFO - Inference completed in 0.54 seconds
2025-03-23 18:36:27,990 - DEBUG - tag: ImageWidth (256) - type: short (3) - value: b'\x04@'
2025-03-23 18:36:27,990 - DEBUG - tag: ImageLength (257) - type: short (3) - value: b'\x04@'
2025-03-23 18:36:27,990 - DEBUG - tag: Make (271) - type: string (2) Tag Location: 46 - Data Location: 170 - value: b'samsung\x00'
2025-03-23 18:36:27,990 - DEBUG - tag: Model (272) - type: string (2) Tag Location: 58 - Data Location: 178 - value: b'SM-G975U\x00'
2025-03-23 18:36:27,990 - DEBUG - tag: Orientation (274) - type: short (3) - value: b'\x00\x06'
2025-03-23 18:36:27,990 - DEBUG - tag: XResolution (282) - type: rational (5) Tag Location: 82 - Data Location: 188 - value: b'\x00\x00\x00H\x00\x00\x00\x01'
2025-03-23 18:36:27,990 - DEBUG - tag: YResolution (283) - type: rational (5) Tag Location: 94 - Data Location: 196 - value: b'\x00\x00\x00H\x00\x00\x00\x01'
2025-03-23 18:36:27,990 - DEBUG - tag: ResolutionUnit (296) - type: short (3) - value: b'\x00\x02'
2025-03-23 18:36:27,990 - DEBUG - tag: Software (305) - type: string (2) Tag Location: 118 - Data Location: 204 - value: b'G975USQU9IXE3\x00'
2025-03-23 18:36:27,990 - DEBUG - tag: DateTime (306) - type: string (2) Tag Location: 130 - Data Location: 218 - value: b'2025:03:23 18:36:27\x00'
2025-03-23 18:36:27,990 - DEBUG - tag: YCbCrPositioning (531) - type: short (3) - value: b'\x00\x01'
2025-03-23 18:36:27,991 - DEBUG - tag: ExifIFD (34665) - type: long (4) - value: b'\x00\x00\x00\xee'
2025-03-23 18:36:27,991 - DEBUG - tag: GPSInfoIFD (34853) - type: long (4) - value: b'\x00\x00\x03"'
2025-03-23 18:36:28,014 - INFO - Organized image into 2 directories
2025-03-23 18:36:28,014 - INFO - Successfully processed and organized 20250323_183627_photo_2025-03-24T01-36-26-760Z.jpg
2025-03-23 18:36:28,018 - INFO - 192.168.1.229 - - [23/Mar/2025 18:36:28] "POST /detect-imperfection HTTP/1.1" 200 -
